Traceback (most recent call last):
  File "/home/runner/.cache/pypoetry/virtualenvs/deche-9hFjX_BT-py3.8/lib/python3.8/site-packages/jupyter_cache/executors/utils.py", line 58, in single_nb_execution
    executenb(
  File "/home/runner/.cache/pypoetry/virtualenvs/deche-9hFjX_BT-py3.8/lib/python3.8/site-packages/nbclient/client.py", line 1305, in execute
    return NotebookClient(nb=nb, resources=resources, km=km, **kwargs).execute()
  File "/home/runner/.cache/pypoetry/virtualenvs/deche-9hFjX_BT-py3.8/lib/python3.8/site-packages/jupyter_core/utils/__init__.py", line 166, in wrapped
    return loop.run_until_complete(inner)
  File "/opt/hostedtoolcache/Python/3.8.16/x64/lib/python3.8/asyncio/base_events.py", line 616, in run_until_complete
    return future.result()
  File "/home/runner/.cache/pypoetry/virtualenvs/deche-9hFjX_BT-py3.8/lib/python3.8/site-packages/nbclient/client.py", line 705, in async_execute
    await self.async_execute_cell(
  File "/home/runner/.cache/pypoetry/virtualenvs/deche-9hFjX_BT-py3.8/lib/python3.8/site-packages/nbclient/client.py", line 1058, in async_execute_cell
    await self._check_raise_for_error(cell, cell_index, exec_reply)
  File "/home/runner/.cache/pypoetry/virtualenvs/deche-9hFjX_BT-py3.8/lib/python3.8/site-packages/nbclient/client.py", line 914, in _check_raise_for_error
    raise CellExecutionError.from_cell_and_msg(cell, exec_reply_content)
nbclient.exceptions.CellExecutionError: An error occurred while executing the following cell:
------------------
divide_by(0)
------------------


[0;31m---------------------------------------------------------------------------[0m
[0;31mZeroDivisionError[0m                         Traceback (most recent call last)
Cell [0;32mIn[12], line 1[0m
[0;32m----> 1[0m [43mdivide_by[49m[43m([49m[38;5;241;43m0[39;49m[43m)[49m

File [0;32m~/work/deche/deche/deche/core.py:328[0m, in [0;36mCache.__call__.<locals>.wrapper[0;34m(*args, **kwargs)[0m
[1;32m    326[0m     logger[38;5;241m.[39mdebug([38;5;124mf[39m[38;5;124m"[39m[38;5;124mFunction [39m[38;5;132;01m{[39;00mfunc[38;5;132;01m}[39;00m[38;5;124m raised [39m[38;5;132;01m{[39;00me[38;5;132;01m}[39;00m[38;5;124m"[39m)
[1;32m    327[0m     [38;5;28mself[39m[38;5;241m.[39mwrite_output(path[38;5;241m=[39m[38;5;124mf[39m[38;5;124m"[39m[38;5;132;01m{[39;00mpath[38;5;132;01m}[39;00m[38;5;124m/[39m[38;5;132;01m{[39;00mkey[38;5;132;01m}[39;00m[38;5;132;01m{[39;00mExtensions[38;5;241m.[39mexception[38;5;132;01m}[39;00m[38;5;124m"[39m, output[38;5;241m=[39me)
[0;32m--> 328[0m     [38;5;28;01mraise[39;00m e
[1;32m    330[0m [38;5;28;01mreturn[39;00m output

File [0;32m~/work/deche/deche/deche/core.py:322[0m, in [0;36mCache.__call__.<locals>.wrapper[0;34m(*args, **kwargs)[0m
[1;32m    320[0m [38;5;28mself[39m[38;5;241m.[39mwrite_input(path[38;5;241m=[39m[38;5;124mf[39m[38;5;124m"[39m[38;5;132;01m{[39;00mpath[38;5;132;01m}[39;00m[38;5;124m/[39m[38;5;132;01m{[39;00mkey[38;5;132;01m}[39;00m[38;5;124m"[39m, inputs[38;5;241m=[39minputs)
[1;32m    321[0m logger[38;5;241m.[39mdebug([38;5;124mf[39m[38;5;124m"[39m[38;5;124mCalling [39m[38;5;132;01m{[39;00mfunc[38;5;132;01m}[39;00m[38;5;124m"[39m)
[0;32m--> 322[0m output [38;5;241m=[39m [43mfunc[49m[43m([49m[38;5;241;43m*[39;49m[43margs[49m[43m,[49m[43m [49m[38;5;241;43m*[39;49m[38;5;241;43m*[39;49m[43mkwargs[49m[43m)[49m
[1;32m    323[0m logger[38;5;241m.[39mdebug([38;5;124mf[39m[38;5;124m"[39m[38;5;124mFunction [39m[38;5;132;01m{[39;00mfunc[38;5;132;01m}[39;00m[38;5;124m ran successfully[39m[38;5;124m"[39m)
[1;32m    324[0m [38;5;28mself[39m[38;5;241m.[39mwrite_output(path[38;5;241m=[39m[38;5;124mf[39m[38;5;124m"[39m[38;5;132;01m{[39;00mpath[38;5;132;01m}[39;00m[38;5;124m/[39m[38;5;132;01m{[39;00mkey[38;5;132;01m}[39;00m[38;5;124m"[39m, output[38;5;241m=[39moutput)

Cell [0;32mIn[7], line 7[0m, in [0;36mdivide_by[0;34m(n)[0m
[1;32m      5[0m [38;5;129m@cache[39m
[1;32m      6[0m [38;5;28;01mdef[39;00m [38;5;21mdivide_by[39m(n):
[0;32m----> 7[0m     [38;5;28;01mreturn[39;00m [38;5;241;43m1[39;49m[38;5;241;43m/[39;49m[43mn[49m

[0;31mZeroDivisionError[0m: division by zero

